<?xml version="1.0" encoding="UTF-8"?>
<!-- Generated by org.testng.reporters.JUnitReportReporter -->
<testsuite hostname="DESKTOP-PCR30MG" failures="0" tests="1" name="TestScript.TMLoginPage" time="13.811" errors="0" timestamp="2023-09-27T10:43:59 IST" skipped="0">
  <testcase classname="TestScript.TMLoginPage" name="verifyLoginPageFunctionality" time="13.811"/>
</testsuite> <!-- TestScript.TMLoginPage -->
