<?xml version="1.0" encoding="UTF-8"?>
<!-- Generated by org.testng.reporters.JUnitReportReporter -->
<testsuite hostname="DESKTOP-PCR30MG" failures="0" tests="1" name="com.texila.utils.ExtentReportManager" time="0.449" errors="0" timestamp="2023-10-02T17:57:14 IST" skipped="0">
  <testcase classname="com.texila.utils.ExtentReportManager" name="extendReport" time="0.449"/>
</testsuite> <!-- com.texila.utils.ExtentReportManager -->
